Log file open, 08/20/19 20:38:17
LogWindows: Failed to load 'aqProf.dll' (GetLastError=126)
LogWindows: File 'aqProf.dll' does not exist
LogWindows: Failed to load 'VtuneApi.dll' (GetLastError=126)
LogWindows: File 'VtuneApi.dll' does not exist
LogWindows: Failed to load 'VtuneApi32e.dll' (GetLastError=126)
LogWindows: File 'VtuneApi32e.dll' does not exist
LogConsoleResponse: Display: Failed to find resolution value strings in scalability ini. Falling back to default.
LogInit: Display: Running engine for game: Toasted_2019
LogPakFile: Registered encryption key '00000000000000000000000000000000': 0 pak files mounted, 0 remain pending
LogPlatformFile: Not using cached read wrapper
LogTaskGraph: Started task graph with 5 named threads and 35 total threads with 3 sets of task threads.
LogStats: Stats thread started at 0.408848
LogD3D11RHI: Loaded GFSDK_Aftermath_Lib.x64.dll
LogICUInternationalization: ICU TimeZone Detection - Raw Offset: -6:00, Platform Override: ''
LogPluginManager: Mounting plugin Paper2D
LogPluginManager: Mounting plugin AISupport
LogPluginManager: Mounting plugin LightPropagationVolume
LogPluginManager: Mounting plugin ActorLayerUtilities
LogPluginManager: Mounting plugin CLionSourceCodeAccess
LogPluginManager: Mounting plugin CodeLiteSourceCodeAccess
LogPluginManager: Mounting plugin GitSourceControl
LogPluginManager: Mounting plugin KDevelopSourceCodeAccess
LogPluginManager: Mounting plugin NullSourceCodeAccess
LogPluginManager: Mounting plugin PerforceSourceControl
LogPluginManager: Mounting plugin SubversionSourceControl
LogPluginManager: Mounting plugin UObjectPlugin
LogPluginManager: Mounting plugin VisualStudioCodeSourceCodeAccess
LogPluginManager: Mounting plugin VisualStudioSourceCodeAccess
LogPluginManager: Mounting plugin XCodeSourceCodeAccess
LogPluginManager: Mounting plugin AssetManagerEditor
LogPluginManager: Mounting plugin CryptoKeys
LogPluginManager: Mounting plugin DataValidation
LogPluginManager: Mounting plugin EditorScriptingUtilities
LogPluginManager: Mounting plugin FacialAnimation
LogPluginManager: Mounting plugin GameplayTagsEditor
LogPluginManager: Mounting plugin MacGraphicsSwitching
LogPluginManager: Mounting plugin MeshEditor
LogPluginManager: Mounting plugin MobileLauncherProfileWizard
LogPluginManager: Mounting plugin PluginBrowser
LogPluginManager: Mounting plugin SpeedTreeImporter
LogPluginManager: Mounting plugin DatasmithContent
LogPluginManager: Mounting plugin VariantManagerContent
LogPluginManager: Mounting plugin AlembicImporter
LogPluginManager: Mounting plugin AppleImageUtils
LogPluginManager: Mounting plugin AppleVision
LogPluginManager: Mounting plugin BackChannel
LogPluginManager: Mounting plugin CharacterAI
LogPluginManager: Mounting plugin GeometryCache
LogPluginManager: Mounting plugin HTML5Networking
LogPluginManager: Mounting plugin ProxyLODPlugin
LogPluginManager: Mounting plugin MagicLeap
LogPluginManager: Mounting plugin MagicLeapMedia
LogPluginManager: Mounting plugin AndroidMedia
LogPluginManager: Mounting plugin AvfMedia
LogPluginManager: Mounting plugin ImgMedia
LogPluginManager: Mounting plugin LinearTimecode
LogPluginManager: Mounting plugin MediaCompositing
LogPluginManager: Mounting plugin MediaPlayerEditor
LogPluginManager: Mounting plugin WebMMedia
LogPluginManager: Mounting plugin WmfMedia
LogPluginManager: Mounting plugin TcpMessaging
LogPluginManager: Mounting plugin UdpMessaging
LogPluginManager: Mounting plugin ActorSequence
LogPluginManager: Mounting plugin LevelSequenceEditor
LogPluginManager: Mounting plugin MatineeToLevelSequence
LogPluginManager: Mounting plugin NetcodeUnitTest
LogPluginManager: Mounting plugin NUTUnrealEngine4
LogPluginManager: Mounting plugin OnlineSubsystemGooglePlay
LogPluginManager: Mounting plugin OnlineSubsystemIOS
LogPluginManager: Mounting plugin OnlineSubsystem
LogPluginManager: Mounting plugin OnlineSubsystemNull
LogPluginManager: Mounting plugin OnlineSubsystemUtils
LogPluginManager: Mounting plugin LauncherChunkInstaller
LogPluginManager: Mounting plugin AndroidDeviceProfileSelector
LogPluginManager: Mounting plugin AndroidMoviePlayer
LogPluginManager: Mounting plugin AndroidPermission
LogPluginManager: Mounting plugin AppleMoviePlayer
LogPluginManager: Mounting plugin ArchVisCharacter
LogPluginManager: Mounting plugin AudioCapture
LogPluginManager: Mounting plugin CableComponent
LogPluginManager: Mounting plugin CustomMeshComponent
LogPluginManager: Mounting plugin EditableMesh
LogPluginManager: Mounting plugin ExampleDeviceProfileSelector
LogPluginManager: Mounting plugin Firebase
LogPluginManager: Mounting plugin GoogleCloudMessaging
LogPluginManager: Mounting plugin IOSDeviceProfileSelector
LogPluginManager: Mounting plugin LinuxDeviceProfileSelector
LogPluginManager: Mounting plugin LocationServicesBPLibrary
LogPluginManager: Mounting plugin MobilePatchingUtils
LogPluginManager: Mounting plugin OculusVR
LogPluginManager: Mounting plugin PhysXVehicles
LogPluginManager: Mounting plugin ProceduralMeshComponent
LogPluginManager: Mounting plugin RuntimePhysXCooking
LogPluginManager: Mounting plugin SteamVR
LogPluginManager: Mounting plugin WebMMoviePlayer
LogPluginManager: Mounting plugin WindowsMoviePlayer
LogPluginManager: Mounting plugin DatasmithCADImporter
LogPluginManager: Mounting plugin DatasmithFBXImporter
LogPluginManager: Mounting plugin DatasmithImporter
LogPluginManager: Mounting plugin MDLImporter
LogPluginManager: Mounting plugin StaticMeshEditorExtension
LogPluginManager: Mounting plugin VariantManager
LogStreaming: Display: Took  0.072s to configure plugins.
LogInit: Using libcurl 7.55.1-DEV
LogInit:  - built for x86_64-pc-win32
LogInit:  - supports SSL with OpenSSL/1.0.2h
LogInit:  - supports HTTP deflate (compression) using libz 1.2.8
LogInit:  - other features:
LogInit:      CURL_VERSION_SSL
LogInit:      CURL_VERSION_LIBZ
LogInit:      CURL_VERSION_IPV6
LogInit:      CURL_VERSION_ASYNCHDNS
LogInit:      CURL_VERSION_LARGEFILE
LogInit:      CURL_VERSION_IDN
LogInit:  CurlRequestOptions (configurable via config and command line):
LogInit:  - bVerifyPeer = true  - Libcurl will verify peer certificate
LogInit:  - bUseHttpProxy = false  - Libcurl will NOT use HTTP proxy
LogInit:  - bDontReuseConnections = false  - Libcurl will reuse connections
LogInit:  - MaxHostConnections = 16  - Libcurl will limit the number of connections to a host
LogInit:  - LocalHostAddr = Default
LogInit:  - BufferSize = 65536
LogInit: WinSock: version 1.1 (2.2), MaxSocks=32767, MaxUdp=65467
LogInit: Build: ++UE4+Release-4.21-CL-4753647
LogInit: Engine Version: 4.21.2-4753647+++UE4+Release-4.21
LogInit: Compatible Engine Version: 4.21.0-4541578+++UE4+Release-4.21
LogInit: Net CL: 4541578
LogInit: OS: Windows 10 (), CPU: Intel(R) Core(TM) i7-8700K CPU @ 3.70GHz, GPU: NVIDIA GeForce GTX 1060 6GB
LogInit: Compiled (64-bit): Jan 19 2019 02:07:31
LogInit: Compiled with Visual C++: 19.13.26129.00
LogInit: Build Configuration: Development
LogInit: Branch Name: ++UE4+Release-4.21
LogInit: Command Line:  -EpicPortal -epicusername=Morbidcaine -epicuserid=b7ad99e3e5b44b1dba12277960fe67b1 -epiclocale=en-US
LogInit: Base Directory: C:/Program Files/Epic Games/UE_4.21/Engine/Binaries/Win64/
LogInit: Installed Engine Build: 1
LogDevObjectVersion: Number of dev versions registered: 22
LogDevObjectVersion:   Dev-Blueprints (B0D832E4-1F89-4F0D-ACCF-7EB736FD4AA2): 10
LogDevObjectVersion:   Dev-Build (E1C64328-A22C-4D53-A36C-8E866417BD8C): 0
LogDevObjectVersion:   Dev-Core (375EC13C-06E4-48FB-B500-84F0262A717E): 2
LogDevObjectVersion:   Dev-Editor (E4B068ED-F494-42E9-A231-DA0B2E46BB41): 26
LogDevObjectVersion:   Dev-Framework (CFFC743F-43B0-4480-9391-14DF171D2073): 34
LogDevObjectVersion:   Dev-Mobile (B02B49B5-BB20-44E9-A304-32B752E40360): 2
LogDevObjectVersion:   Dev-Networking (A4E4105C-59A1-49B5-A7C5-40C4547EDFEE): 0
LogDevObjectVersion:   Dev-Online (39C831C9-5AE6-47DC-9A44-9C173E1C8E7C): 0
LogDevObjectVersion:   Dev-Physics (78F01B33-EBEA-4F98-B9B4-84EACCB95AA2): 0
LogDevObjectVersion:   Dev-Platform (6631380F-2D4D-43E0-8009-CF276956A95A): 0
LogDevObjectVersion:   Dev-Rendering (12F88B9F-8875-4AFC-A67C-D90C383ABD29): 27
LogDevObjectVersion:   Dev-Sequencer (7B5AE74C-D270-4C10-A958-57980B212A5A): 9
LogDevObjectVersion:   Dev-VR (D7296918-1DD6-4BDD-9DE2-64A83CC13884): 2
LogDevObjectVersion:   Dev-LoadTimes (C2A15278-BFE7-4AFE-6C17-90FF531DF755): 1
LogDevObjectVersion:   Private-Geometry (6EACA3D4-40EC-4CC1-B786-8BED09428FC5): 3
LogDevObjectVersion:   Dev-AnimPhys (29E575DD-E0A3-4627-9D10-D276232CDCEA): 17
LogDevObjectVersion:   Dev-Anim (AF43A65D-7FD3-4947-9873-3E8ED9C1BB05): 2
LogDevObjectVersion:   Dev-ReflectionCapture (6B266CEC-1EC7-4B8F-A30B-E4D90942FC07): 1
LogDevObjectVersion:   Dev-Automation (0DF73D61-A23F-47EA-B727-89E90C41499A): 1
LogDevObjectVersion:   FortniteMain (601D1886-AC64-4F84-AA16-D3DE0DEAC7D6): 17
LogDevObjectVersion:   Dev-Enterprise (9DFFBCD6-494F-0158-E221-12823C92A888): 4
LogDevObjectVersion:   Dev-Niagara (F2AED0AC-9AFE-416F-8664-AA7FFA26D6FC): 1
LogStreaming: Display: Took  0.000s to delete old logs.
LogInit: Presizing for max 8388607 objects, including 0 objects not considered by GC, pre-allocating 0 bytes for permanent pool.
LogInit: Object subsystem initialized
LogConfig: Setting CVar [[con.DebugEarlyDefault:1]]
LogConfig: Setting CVar [[r.setres:1280x720]]
[2019.08.21-01.38.17:595][  0]LogConfig: Setting CVar [[r.VSync:0]]
[2019.08.21-01.38.17:595][  0]LogConfig: Setting CVar [[r.RHICmdBypass:0]]
[2019.08.21-01.38.17:595][  0]LogConfig: Applying CVar settings from Section [/Script/Engine.RendererSettings] File [D:/UE4Toasted/Toasted_2D/Toasted_2019/Saved/Config/Windows/Engine.ini]
[2019.08.21-01.38.17:595][  0]LogConfig: Setting CVar [[r.GPUCrashDebugging:0]]
[2019.08.21-01.38.17:595][  0]LogConfig: Applying CVar settings from Section [/Script/Engine.RendererOverrideSettings] File [D:/UE4Toasted/Toasted_2D/Toasted_2019/Saved/Config/Windows/Engine.ini]
[2019.08.21-01.38.17:595][  0]LogConfig: Applying CVar settings from Section [/Script/Engine.StreamingSettings] File [D:/UE4Toasted/Toasted_2D/Toasted_2019/Saved/Config/Windows/Engine.ini]
[2019.08.21-01.38.17:595][  0]LogConfig: Setting CVar [[s.MinBulkDataSizeForAsyncLoading:131072]]
[2019.08.21-01.38.17:595][  0]LogConfig: Setting CVar [[s.AsyncLoadingThreadEnabled:0]]
[2019.08.21-01.38.17:595][  0]LogConfig: Setting CVar [[s.EventDrivenLoaderEnabled:1]]
[2019.08.21-01.38.17:595][  0]LogConfig: Setting CVar [[s.WarnIfTimeLimitExceeded:0]]
[2019.08.21-01.38.17:595][  0]LogConfig: Setting CVar [[s.TimeLimitExceededMultiplier:1.5]]
[2019.08.21-01.38.17:595][  0]LogConfig: Setting CVar [[s.TimeLimitExceededMinTime:0.005]]
[2019.08.21-01.38.17:595][  0]LogConfig: Setting CVar [[s.UseBackgroundLevelStreaming:1]]
[2019.08.21-01.38.17:595][  0]LogConfig: Setting CVar [[s.PriorityAsyncLoadingExtraTime:15.0]]
[2019.08.21-01.38.17:595][  0]LogConfig: Setting CVar [[s.LevelStreamingActorsUpdateTimeLimit:5.0]]
[2019.08.21-01.38.17:595][  0]LogConfig: Setting CVar [[s.PriorityLevelStreamingActorsUpdateExtraTime:5.0]]
[2019.08.21-01.38.17:595][  0]LogConfig: Setting CVar [[s.LevelStreamingComponentsRegistrationGranularity:10]]
[2019.08.21-01.38.17:595][  0]LogConfig: Setting CVar [[s.UnregisterComponentsTimeLimit:1.0]]
[2019.08.21-01.38.17:595][  0]LogConfig: Setting CVar [[s.LevelStreamingComponentsUnregistrationGranularity:5]]
[2019.08.21-01.38.17:595][  0]LogConfig: Applying CVar settings from Section [/Script/Engine.GarbageCollectionSettings] File [D:/UE4Toasted/Toasted_2D/Toasted_2019/Saved/Config/Windows/Engine.ini]
[2019.08.21-01.38.17:595][  0]LogConfig: Setting CVar [[gc.MaxObjectsNotConsideredByGC:1]]
[2019.08.21-01.38.17:595][  0]LogConfig: Setting CVar [[gc.SizeOfPermanentObjectPool:0]]
[2019.08.21-01.38.17:595][  0]LogConfig: Setting CVar [[gc.FlushStreamingOnGC:0]]
[2019.08.21-01.38.17:595][  0]LogConfig: Setting CVar [[gc.NumRetriesBeforeForcingGC:10]]
[2019.08.21-01.38.17:595][  0]LogConfig: Setting CVar [[gc.AllowParallelGC:1]]
[2019.08.21-01.38.17:596][  0]LogConfig: Setting CVar [[gc.TimeBetweenPurgingPendingKillObjects:61.1]]
[2019.08.21-01.38.17:596][  0]LogConfig: Setting CVar [[gc.MaxObjectsInEditor:8388607]]
[2019.08.21-01.38.17:596][  0]LogConfig: Setting CVar [[gc.IncrementalBeginDestroyEnabled:1]]
[2019.08.21-01.38.17:596][  0]LogConfig: Setting CVar [[gc.CreateGCClusters:1]]
[2019.08.21-01.38.17:596][  0]LogConfig: Setting CVar [[gc.MergeGCClusters:0]]
[2019.08.21-01.38.17:596][  0]LogConfig: Setting CVar [[gc.MinGCClusterSize:5]]
[2019.08.21-01.38.17:596][  0]LogConfig: Setting CVar [[gc.ActorClusteringEnabled:0]]
[2019.08.21-01.38.17:596][  0]LogConfig: Setting CVar [[gc.BlueprintClusteringEnabled:0]]
[2019.08.21-01.38.17:596][  0]LogConfig: Setting CVar [[gc.UseDisregardForGCOnDedicatedServers:0]]
[2019.08.21-01.38.17:596][  0]LogConfig: Applying CVar settings from Section [/Script/Engine.NetworkSettings] File [D:/UE4Toasted/Toasted_2D/Toasted_2019/Saved/Config/Windows/Engine.ini]
[2019.08.21-01.38.17:596][  0]LogConfig: Applying CVar settings from Section [/Script/UnrealEd.CookerSettings] File [D:/UE4Toasted/Toasted_2D/Toasted_2019/Saved/Config/Windows/Engine.ini]
[2019.08.21-01.38.17:598][  0]LogConfig: Applying CVar settings from Section [ViewDistanceQuality@3] File [D:/UE4Toasted/Toasted_2D/Toasted_2019/Saved/Config/Windows/Scalability.ini]
[2019.08.21-01.38.17:599][  0]LogConfig: Setting CVar [[r.SkeletalMeshLODBias:0]]
[2019.08.21-01.38.17:599][  0]LogConfig: Setting CVar [[r.ViewDistanceScale:1.0]]
[2019.08.21-01.38.17:599][  0]LogConfig: Applying CVar settings from Section [AntiAliasingQuality@3] File [D:/UE4Toasted/Toasted_2D/Toasted_2019/Saved/Config/Windows/Scalability.ini]
[2019.08.21-01.38.17:599][  0]LogConfig: Setting CVar [[r.PostProcessAAQuality:4]]
[2019.08.21-01.38.17:599][  0]LogConfig: Applying CVar settings from Section [ShadowQuality@3] File [D:/UE4Toasted/Toasted_2D/Toasted_2019/Saved/Config/Windows/Scalability.ini]
[2019.08.21-01.38.17:599][  0]LogConfig: Setting CVar [[r.LightFunctionQuality:1]]
[2019.08.21-01.38.17:599][  0]LogConfig: Setting CVar [[r.ShadowQuality:5]]
[2019.08.21-01.38.17:599][  0]LogConfig: Setting CVar [[r.Shadow.CSM.MaxCascades:10]]
[2019.08.21-01.38.17:599][  0]LogConfig: Setting CVar [[r.Shadow.MaxResolution:2048]]
[2019.08.21-01.38.17:599][  0]LogConfig: Setting CVar [[r.Shadow.MaxCSMResolution:2048]]
[2019.08.21-01.38.17:599][  0]LogConfig: Setting CVar [[r.Shadow.RadiusThreshold:0.01]]
[2019.08.21-01.38.17:599][  0]LogConfig: Setting CVar [[r.Shadow.DistanceScale:1.0]]
[2019.08.21-01.38.17:599][  0]LogConfig: Setting CVar [[r.Shadow.CSM.TransitionScale:1.0]]
[2019.08.21-01.38.17:599][  0]LogConfig: Setting CVar [[r.Shadow.PreShadowResolutionFactor:1.0]]
[2019.08.21-01.38.17:599][  0]LogConfig: Setting CVar [[r.DistanceFieldShadowing:1]]
[2019.08.21-01.38.17:599][  0]LogConfig: Setting CVar [[r.DistanceFieldAO:1]]
[2019.08.21-01.38.17:599][  0]LogConfig: Setting CVar [[r.AOQuality:2]]
[2019.08.21-01.38.17:599][  0]LogConfig: Setting CVar [[r.VolumetricFog:1]]
[2019.08.21-01.38.17:599][  0]LogConfig: Setting CVar [[r.VolumetricFog.GridPixelSize:8]]
[2019.08.21-01.38.17:599][  0]LogConfig: Setting CVar [[r.VolumetricFog.GridSizeZ:128]]
[2019.08.21-01.38.17:599][  0]LogConfig: Setting CVar [[r.VolumetricFog.HistoryMissSupersampleCount:4]]
[2019.08.21-01.38.17:599][  0]LogConfig: Setting CVar [[r.LightMaxDrawDistanceScale:1]]
[2019.08.21-01.38.17:599][  0]LogConfig: Setting CVar [[r.CapsuleShadows:1]]
[2019.08.21-01.38.17:599][  0]LogConfig: Applying CVar settings from Section [PostProcessQuality@3] File [D:/UE4Toasted/Toasted_2D/Toasted_2019/Saved/Config/Windows/Scalability.ini]
[2019.08.21-01.38.17:599][  0]LogConfig: Setting CVar [[r.MotionBlurQuality:4]]
[2019.08.21-01.38.17:599][  0]LogConfig: Setting CVar [[r.AmbientOcclusionMipLevelFactor:0.4]]
[2019.08.21-01.38.17:599][  0]LogConfig: Setting CVar [[r.AmbientOcclusionMaxQuality:100]]
[2019.08.21-01.38.17:599][  0]LogConfig: Setting CVar [[r.AmbientOcclusionLevels:-1]]
[2019.08.21-01.38.17:599][  0]LogConfig: Setting CVar [[r.AmbientOcclusionRadiusScale:1.0]]
[2019.08.21-01.38.17:599][  0]LogConfig: Setting CVar [[r.DepthOfFieldQuality:2]]
[2019.08.21-01.38.17:599][  0]LogConfig: Setting CVar [[r.RenderTargetPoolMin:400]]
[2019.08.21-01.38.17:599][  0]LogConfig: Setting CVar [[r.LensFlareQuality:2]]
[2019.08.21-01.38.17:599][  0]LogConfig: Setting CVar [[r.SceneColorFringeQuality:1]]
[2019.08.21-01.38.17:599][  0]LogConfig: Setting CVar [[r.EyeAdaptationQuality:2]]
[2019.08.21-01.38.17:599][  0]LogConfig: Setting CVar [[r.BloomQuality:5]]
[2019.08.21-01.38.17:599][  0]LogConfig: Setting CVar [[r.FastBlurThreshold:100]]
[2019.08.21-01.38.17:599][  0]LogConfig: Setting CVar [[r.Upscale.Quality:3]]
[2019.08.21-01.38.17:599][  0]LogConfig: Setting CVar [[r.Tonemapper.GrainQuantization:1]]
[2019.08.21-01.38.17:599][  0]LogConfig: Setting CVar [[r.LightShaftQuality:1]]
[2019.08.21-01.38.17:599][  0]LogConfig: Setting CVar [[r.Filter.SizeScale:1]]
[2019.08.21-01.38.17:599][  0]LogConfig: Setting CVar [[r.Tonemapper.Quality:5]]
[2019.08.21-01.38.17:599][  0]LogConfig: Setting CVar [[r.DOF.Gather.AccumulatorQuality:1        ; higher gathering accumulator quality]]
[2019.08.21-01.38.17:599][  0]LogConfig: Setting CVar [[r.DOF.Gather.PostfilterMethod:1          ; Median3x3 postfilering method]]
[2019.08.21-01.38.17:599][  0]LogConfig: Setting CVar [[r.DOF.Gather.EnableBokehSettings:0       ; no bokeh simulation when gathering]]
[2019.08.21-01.38.17:599][  0]LogConfig: Setting CVar [[r.DOF.Gather.RingCount:4                 ; medium number of samples when gathering]]
[2019.08.21-01.38.17:599][  0]LogConfig: Setting CVar [[r.DOF.Scatter.ForegroundCompositing:1    ; additive foreground scattering]]
[2019.08.21-01.38.17:599][  0]LogConfig: Setting CVar [[r.DOF.Scatter.BackgroundCompositing:2    ; additive background scattering]]
[2019.08.21-01.38.17:599][  0]LogConfig: Setting CVar [[r.DOF.Scatter.EnableBokehSettings:1      ; bokeh simulation when scattering]]
[2019.08.21-01.38.17:599][  0]LogConfig: Setting CVar [[r.DOF.Scatter.MaxSpriteRatio:0.1         ; only a maximum of 10% of scattered bokeh]]
[2019.08.21-01.38.17:599][  0]LogConfig: Setting CVar [[r.DOF.Recombine.Quality:1                ; cheap slight out of focus]]
[2019.08.21-01.38.17:599][  0]LogConfig: Setting CVar [[r.DOF.Recombine.EnableBokehSettings:0    ; no bokeh simulation on slight out of focus]]
[2019.08.21-01.38.17:599][  0]LogConfig: Setting CVar [[r.DOF.TemporalAAQuality:1                ; more stable temporal accumulation]]
[2019.08.21-01.38.17:599][  0]LogConfig: Setting CVar [[r.DOF.Kernel.MaxForegroundRadius:0.025]]
[2019.08.21-01.38.17:599][  0]LogConfig: Setting CVar [[r.DOF.Kernel.MaxBackgroundRadius:0.025]]
[2019.08.21-01.38.17:599][  0]LogConfig: Applying CVar settings from Section [TextureQuality@3] File [D:/UE4Toasted/Toasted_2D/Toasted_2019/Saved/Config/Windows/Scalability.ini]
[2019.08.21-01.38.17:599][  0]LogConfig: Setting CVar [[r.Streaming.MipBias:0]]
[2019.08.21-01.38.17:599][  0]LogConfig: Setting CVar [[r.Streaming.AmortizeCPUToGPUCopy:0]]
[2019.08.21-01.38.17:599][  0]LogConfig: Setting CVar [[r.Streaming.MaxNumTexturesToStreamPerFrame:0]]
[2019.08.21-01.38.17:599][  0]LogConfig: Setting CVar [[r.Streaming.Boost:1]]
[2019.08.21-01.38.17:599][  0]LogConfig: Setting CVar [[r.MaxAnisotropy:8]]
[2019.08.21-01.38.17:599][  0]LogConfig: Setting CVar [[r.Streaming.LimitPoolSizeToVRAM:0]]
[2019.08.21-01.38.17:599][  0]LogConfig: Setting CVar [[r.Streaming.PoolSize:1000]]
[2019.08.21-01.38.17:599][  0]LogConfig: Setting CVar [[r.Streaming.MaxEffectiveScreenSize:0]]
[2019.08.21-01.38.17:600][  0]LogConfig: Applying CVar settings from Section [EffectsQuality@3] File [D:/UE4Toasted/Toasted_2D/Toasted_2019/Saved/Config/Windows/Scalability.ini]
[2019.08.21-01.38.17:600][  0]LogConfig: Setting CVar [[r.TranslucencyLightingVolumeDim:64]]
[2019.08.21-01.38.17:600][  0]LogConfig: Setting CVar [[r.RefractionQuality:2]]
[2019.08.21-01.38.17:600][  0]LogConfig: Setting CVar [[r.SSR.Quality:3]]
[2019.08.21-01.38.17:600][  0]LogConfig: Setting CVar [[r.SceneColorFormat:4]]
[2019.08.21-01.38.17:600][  0]LogConfig: Setting CVar [[r.DetailMode:2]]
[2019.08.21-01.38.17:600][  0]LogConfig: Setting CVar [[r.TranslucencyVolumeBlur:1]]
[2019.08.21-01.38.17:600][  0]LogConfig: Setting CVar [[r.MaterialQualityLevel:1 ; High quality]]
[2019.08.21-01.38.17:600][  0]LogConfig: Setting CVar [[r.SSS.Scale:1]]
[2019.08.21-01.38.17:600][  0]LogConfig: Setting CVar [[r.SSS.SampleSet:2]]
[2019.08.21-01.38.17:600][  0]LogConfig: Setting CVar [[r.SSS.Quality:1]]
[2019.08.21-01.38.17:600][  0]LogConfig: Setting CVar [[r.SSS.HalfRes:1]]
[2019.08.21-01.38.17:600][  0]LogConfig: Setting CVar [[r.EmitterSpawnRateScale:1.0]]
[2019.08.21-01.38.17:600][  0]LogConfig: Setting CVar [[r.ParticleLightQuality:2]]
[2019.08.21-01.38.17:600][  0]LogConfig: Applying CVar settings from Section [FoliageQuality@3] File [D:/UE4Toasted/Toasted_2D/Toasted_2019/Saved/Config/Windows/Scalability.ini]
[2019.08.21-01.38.17:600][  0]LogConfig: Setting CVar [[foliage.DensityScale:1.0]]
[2019.08.21-01.38.17:600][  0]LogConfig: Setting CVar [[grass.DensityScale:1.0]]
[2019.08.21-01.38.17:600][  0]LogInit: Selected Device Profile: [Windows]
[2019.08.21-01.38.17:600][  0]LogInit: Applying CVar settings loaded from the selected device profile: [Windows]
[2019.08.21-01.38.17:604][  0]LogHAL: Display: Platform has ~ 16 GB [17103581184 / 17179869184 / 16], which maps to Larger [LargestMinGB=32, LargerMinGB=12, DefaultMinGB=8, SmallerMinGB=6, SmallestMinGB=0)
[2019.08.21-01.38.17:604][  0]LogConfig: Setting CVar [[r.Vulkan.UseRealUBs:1]]
[2019.08.21-01.38.17:604][  0]LogInit: Going up to parent DeviceProfile []
[2019.08.21-01.38.17:604][  0]LogConfig: Applying CVar settings from Section [ViewDistanceQuality@3] File [D:/UE4Toasted/Toasted_2D/Toasted_2019/Saved/Config/Windows/Scalability.ini]
[2019.08.21-01.38.17:604][  0]LogConfig: Setting CVar [[r.SkeletalMeshLODBias:0]]
[2019.08.21-01.38.17:604][  0]LogConfig: Setting CVar [[r.ViewDistanceScale:1.0]]
[2019.08.21-01.38.17:604][  0]LogConfig: Applying CVar settings from Section [AntiAliasingQuality@3] File [D:/UE4Toasted/Toasted_2D/Toasted_2019/Saved/Config/Windows/Scalability.ini]
[2019.08.21-01.38.17:604][  0]LogConfig: Setting CVar [[r.PostProcessAAQuality:4]]
[2019.08.21-01.38.17:604][  0]LogConfig: Applying CVar settings from Section [ShadowQuality@3] File [D:/UE4Toasted/Toasted_2D/Toasted_2019/Saved/Config/Windows/Scalability.ini]
[2019.08.21-01.38.17:604][  0]LogConfig: Setting CVar [[r.LightFunctionQuality:1]]
[2019.08.21-01.38.17:604][  0]LogConfig: Setting CVar [[r.ShadowQuality:5]]
[2019.08.21-01.38.17:604][  0]LogConfig: Setting CVar [[r.Shadow.CSM.MaxCascades:10]]
[2019.08.21-01.38.17:604][  0]LogConfig: Setting CVar [[r.Shadow.MaxResolution:2048]]
[2019.08.21-01.38.17:604][  0]LogConfig: Setting CVar [[r.Shadow.MaxCSMResolution:2048]]
[2019.08.21-01.38.17:604][  0]LogConfig: Setting CVar [[r.Shadow.RadiusThreshold:0.01]]
[2019.08.21-01.38.17:604][  0]LogConfig: Setting CVar [[r.Shadow.DistanceScale:1.0]]
[2019.08.21-01.38.17:604][  0]LogConfig: Setting CVar [[r.Shadow.CSM.TransitionScale:1.0]]
[2019.08.21-01.38.17:604][  0]LogConfig: Setting CVar [[r.Shadow.PreShadowResolutionFactor:1.0]]
[2019.08.21-01.38.17:604][  0]LogConfig: Setting CVar [[r.DistanceFieldShadowing:1]]
[2019.08.21-01.38.17:604][  0]LogConfig: Setting CVar [[r.DistanceFieldAO:1]]
[2019.08.21-01.38.17:604][  0]LogConfig: Setting CVar [[r.AOQuality:2]]
[2019.08.21-01.38.17:604][  0]LogConfig: Setting CVar [[r.VolumetricFog:1]]
[2019.08.21-01.38.17:604][  0]LogConfig: Setting CVar [[r.VolumetricFog.GridPixelSize:8]]
[2019.08.21-01.38.17:604][  0]LogConfig: Setting CVar [[r.VolumetricFog.GridSizeZ:128]]
[2019.08.21-01.38.17:604][  0]LogConfig: Setting CVar [[r.VolumetricFog.HistoryMissSupersampleCount:4]]
[2019.08.21-01.38.17:604][  0]LogConfig: Setting CVar [[r.LightMaxDrawDistanceScale:1]]
[2019.08.21-01.38.17:604][  0]LogConfig: Setting CVar [[r.CapsuleShadows:1]]
[2019.08.21-01.38.17:604][  0]LogConfig: Applying CVar settings from Section [PostProcessQuality@3] File [D:/UE4Toasted/Toasted_2D/Toasted_2019/Saved/Config/Windows/Scalability.ini]
[2019.08.21-01.38.17:604][  0]LogConfig: Setting CVar [[r.MotionBlurQuality:4]]
[2019.08.21-01.38.17:604][  0]LogConfig: Setting CVar [[r.AmbientOcclusionMipLevelFactor:0.4]]
[2019.08.21-01.38.17:604][  0]LogConfig: Setting CVar [[r.AmbientOcclusionMaxQuality:100]]
[2019.08.21-01.38.17:604][  0]LogConfig: Setting CVar [[r.AmbientOcclusionLevels:-1]]
[2019.08.21-01.38.17:604][  0]LogConfig: Setting CVar [[r.AmbientOcclusionRadiusScale:1.0]]
[2019.08.21-01.38.17:604][  0]LogConfig: Setting CVar [[r.DepthOfFieldQuality:2]]
[2019.08.21-01.38.17:604][  0]LogConfig: Setting CVar [[r.RenderTargetPoolMin:400]]
[2019.08.21-01.38.17:604][  0]LogConfig: Setting CVar [[r.LensFlareQuality:2]]
[2019.08.21-01.38.17:604][  0]LogConfig: Setting CVar [[r.SceneColorFringeQuality:1]]
[2019.08.21-01.38.17:604][  0]LogConfig: Setting CVar [[r.EyeAdaptationQuality:2]]
[2019.08.21-01.38.17:604][  0]LogConfig: Setting CVar [[r.BloomQuality:5]]
[2019.08.21-01.38.17:604][  0]LogConfig: Setting CVar [[r.FastBlurThreshold:100]]
[2019.08.21-01.38.17:604][  0]LogConfig: Setting CVar [[r.Upscale.Quality:3]]
[2019.08.21-01.38.17:604][  0]LogConfig: Setting CVar [[r.Tonemapper.GrainQuantization:1]]
[2019.08.21-01.38.17:604][  0]LogConfig: Setting CVar [[r.LightShaftQuality:1]]
[2019.08.21-01.38.17:604][  0]LogConfig: Setting CVar [[r.Filter.SizeScale:1]]
[2019.08.21-01.38.17:604][  0]LogConfig: Setting CVar [[r.Tonemapper.Quality:5]]
[2019.08.21-01.38.17:604][  0]LogConfig: Setting CVar [[r.DOF.Gather.AccumulatorQuality:1        ; higher gathering accumulator quality]]
[2019.08.21-01.38.17:604][  0]LogConfig: Setting CVar [[r.DOF.Gather.PostfilterMethod:1          ; Median3x3 postfilering method]]
[2019.08.21-01.38.17:604][  0]LogConfig: Setting CVar [[r.DOF.Gather.EnableBokehSettings:0       ; no bokeh simulation when gathering]]
[2019.08.21-01.38.17:604][  0]LogConfig: Setting CVar [[r.DOF.Gather.RingCount:4                 ; medium number of samples when gathering]]
[2019.08.21-01.38.17:604][  0]LogConfig: Setting CVar [[r.DOF.Scatter.ForegroundCompositing:1    ; additive foreground scattering]]
[2019.08.21-01.38.17:604][  0]LogConfig: Setting CVar [[r.DOF.Scatter.BackgroundCompositing:2    ; additive background scattering]]
[2019.08.21-01.38.17:604][  0]LogConfig: Setting CVar [[r.DOF.Scatter.EnableBokehSettings:1      ; bokeh simulation when scattering]]
[2019.08.21-01.38.17:604][  0]LogConfig: Setting CVar [[r.DOF.Scatter.MaxSpriteRatio:0.1         ; only a maximum of 10% of scattered bokeh]]
[2019.08.21-01.38.17:604][  0]LogConfig: Setting CVar [[r.DOF.Recombine.Quality:1                ; cheap slight out of focus]]
[2019.08.21-01.38.17:604][  0]LogConfig: Setting CVar [[r.DOF.Recombine.EnableBokehSettings:0    ; no bokeh simulation on slight out of focus]]
[2019.08.21-01.38.17:604][  0]LogConfig: Setting CVar [[r.DOF.TemporalAAQuality:1                ; more stable temporal accumulation]]
[2019.08.21-01.38.17:604][  0]LogConfig: Setting CVar [[r.DOF.Kernel.MaxForegroundRadius:0.025]]
[2019.08.21-01.38.17:604][  0]LogConfig: Setting CVar [[r.DOF.Kernel.MaxBackgroundRadius:0.025]]
[2019.08.21-01.38.17:604][  0]LogConfig: Applying CVar settings from Section [TextureQuality@3] File [D:/UE4Toasted/Toasted_2D/Toasted_2019/Saved/Config/Windows/Scalability.ini]
[2019.08.21-01.38.17:604][  0]LogConfig: Setting CVar [[r.Streaming.MipBias:0]]
[2019.08.21-01.38.17:605][  0]LogConfig: Setting CVar [[r.Streaming.AmortizeCPUToGPUCopy:0]]
[2019.08.21-01.38.17:605][  0]LogConfig: Setting CVar [[r.Streaming.MaxNumTexturesToStreamPerFrame:0]]
[2019.08.21-01.38.17:605][  0]LogConfig: Setting CVar [[r.Streaming.Boost:1]]
[2019.08.21-01.38.17:605][  0]LogConfig: Setting CVar [[r.MaxAnisotropy:8]]
[2019.08.21-01.38.17:605][  0]LogConfig: Setting CVar [[r.Streaming.LimitPoolSizeToVRAM:0]]
[2019.08.21-01.38.17:605][  0]LogConfig: Setting CVar [[r.Streaming.PoolSize:1000]]
[2019.08.21-01.38.17:605][  0]LogConfig: Setting CVar [[r.Streaming.MaxEffectiveScreenSize:0]]
[2019.08.21-01.38.17:605][  0]LogConfig: Applying CVar settings from Section [EffectsQuality@3] File [D:/UE4Toasted/Toasted_2D/Toasted_2019/Saved/Config/Windows/Scalability.ini]
[2019.08.21-01.38.17:605][  0]LogConfig: Setting CVar [[r.TranslucencyLightingVolumeDim:64]]
[2019.08.21-01.38.17:605][  0]LogConfig: Setting CVar [[r.RefractionQuality:2]]
[2019.08.21-01.38.17:605][  0]LogConfig: Setting CVar [[r.SSR.Quality:3]]
[2019.08.21-01.38.17:605][  0]LogConfig: Setting CVar [[r.SceneColorFormat:4]]
[2019.08.21-01.38.17:605][  0]LogConfig: Setting CVar [[r.DetailMode:2]]
[2019.08.21-01.38.17:605][  0]LogConfig: Setting CVar [[r.TranslucencyVolumeBlur:1]]
[2019.08.21-01.38.17:605][  0]LogConfig: Setting CVar [[r.MaterialQualityLevel:1 ; High quality]]
[2019.08.21-01.38.17:605][  0]LogConfig: Setting CVar [[r.SSS.Scale:1]]
[2019.08.21-01.38.17:605][  0]LogConfig: Setting CVar [[r.SSS.SampleSet:2]]
[2019.08.21-01.38.17:605][  0]LogConfig: Setting CVar [[r.SSS.Quality:1]]
[2019.08.21-01.38.17:605][  0]LogConfig: Setting CVar [[r.SSS.HalfRes:1]]
[2019.08.21-01.38.17:605][  0]LogConfig: Setting CVar [[r.EmitterSpawnRateScale:1.0]]
[2019.08.21-01.38.17:605][  0]LogConfig: Setting CVar [[r.ParticleLightQuality:2]]
[2019.08.21-01.38.17:605][  0]LogConfig: Applying CVar settings from Section [FoliageQuality@3] File [D:/UE4Toasted/Toasted_2D/Toasted_2019/Saved/Config/Windows/Scalability.ini]
[2019.08.21-01.38.17:605][  0]LogConfig: Setting CVar [[foliage.DensityScale:1.0]]
[2019.08.21-01.38.17:605][  0]LogConfig: Setting CVar [[grass.DensityScale:1.0]]
[2019.08.21-01.38.17:605][  0]LogConfig: Applying CVar settings from Section [Startup] File [../../../Engine/Config/ConsoleVariables.ini]
[2019.08.21-01.38.17:605][  0]LogConfig: Setting CVar [[net.UseAdaptiveNetUpdateFrequency:0]]
[2019.08.21-01.38.17:605][  0]LogConfig: Applying CVar settings from Section [ConsoleVariables] File [D:/UE4Toasted/Toasted_2D/Toasted_2019/Saved/Config/Windows/Engine.ini]
[2019.08.21-01.38.17:605][  0]LogInit: Computer: DESKTOP-4O6MQG9
[2019.08.21-01.38.17:605][  0]LogInit: User: Morbidcaine
[2019.08.21-01.38.17:605][  0]LogInit: CPU Page size=4096, Cores=6
[2019.08.21-01.38.17:605][  0]LogInit: High frequency timer resolution =10.000000 MHz
[2019.08.21-01.38.17:605][  0]LogMemory: Memory total: Physical=15.9GB (16GB approx)
[2019.08.21-01.38.17:605][  0]LogMemory: Platform Memory Stats for Windows
[2019.08.21-01.38.17:605][  0]LogMemory: Process Physical Memory: 103.98 MB used, 103.98 MB peak
[2019.08.21-01.38.17:605][  0]LogMemory: Process Virtual Memory: 94.32 MB used, 94.32 MB peak
[2019.08.21-01.38.17:605][  0]LogMemory: Physical Memory: 6928.50 MB used,  9382.75 MB free, 16311.25 MB total
[2019.08.21-01.38.17:605][  0]LogMemory: Virtual Memory: 4670.26 MB used,  134213056.00 MB free, 134217728.00 MB total
[2019.08.21-01.38.17:633][  0]LogInit: Using OS detected language (en-US).
[2019.08.21-01.38.17:633][  0]LogInit: Using OS detected locale (en-US).
[2019.08.21-01.38.17:634][  0]LogTextLocalizationManager: No specific localization for 'en-US' exists, so the 'en' localization will be used.
[2019.08.21-01.38.17:917][  0]LogStreaming: Display: Took  0.285s to InitEngineTextLocalization.
[2019.08.21-01.38.17:917][  0]LogInit: Setting process to per monitor DPI aware
[2019.08.21-01.38.17:964][  0]LogSlate: New Slate User Created.  User Index 0, Is Virtual User: 0
[2019.08.21-01.38.17:964][  0]LogSlate: Slate User Registered.  User Index 0, Is Virtual User: 0
[2019.08.21-01.38.18:103][  0]LogHMD: Failed to initialize OpenVR with code 110
[2019.08.21-01.38.18:103][  0]LogD3D11RHI: D3D11 adapters:
[2019.08.21-01.38.18:163][  0]LogD3D11RHI:    0. 'NVIDIA GeForce GTX 1060 6GB' (Feature Level 11_0)
[2019.08.21-01.38.18:163][  0]LogD3D11RHI:       6052/0/8155 MB DedicatedVideo/DedicatedSystem/SharedSystem, Outputs:1, VendorId:0x10de
[2019.08.21-01.38.18:166][  0]LogD3D11RHI:    1. 'Microsoft Basic Render Driver' (Feature Level 11_0)
[2019.08.21-01.38.18:166][  0]LogD3D11RHI:       0/0/8155 MB DedicatedVideo/DedicatedSystem/SharedSystem, Outputs:0, VendorId:0x1414
[2019.08.21-01.38.18:166][  0]LogD3D11RHI: Chosen D3D11 Adapter: 0
[2019.08.21-01.38.18:174][  0]LogD3D11RHI: Creating new Direct3DDevice
[2019.08.21-01.38.18:174][  0]LogD3D11RHI:     GPU DeviceId: 0x1c03 (for the marketing name, search the web for "GPU Device Id")
[2019.08.21-01.38.18:174][  0]LogWindows: EnumDisplayDevices:
[2019.08.21-01.38.18:174][  0]LogWindows:    0. 'NVIDIA GeForce GTX 1060 6GB' (P:1 D:1)
[2019.08.21-01.38.18:175][  0]LogWindows:    1. 'NVIDIA GeForce GTX 1060 6GB' (P:0 D:0)
[2019.08.21-01.38.18:175][  0]LogWindows:    2. 'NVIDIA GeForce GTX 1060 6GB' (P:0 D:0)
[2019.08.21-01.38.18:175][  0]LogWindows:    3. 'NVIDIA GeForce GTX 1060 6GB' (P:0 D:0)
[2019.08.21-01.38.18:175][  0]LogWindows: DebugString: FoundDriverCount:4 
[2019.08.21-01.38.18:175][  0]LogD3D11RHI:     Adapter Name: NVIDIA GeForce GTX 1060 6GB
[2019.08.21-01.38.18:175][  0]LogD3D11RHI:   Driver Version: 430.86 (internal:26.21.14.3086, unified:430.86)
[2019.08.21-01.38.18:175][  0]LogD3D11RHI:      Driver Date: 5-22-2019
[2019.08.21-01.38.18:175][  0]LogRHI: Texture pool is 4236 MB (70% of 6052 MB)
[2019.08.21-01.38.18:209][  0]LogD3D11RHI: Async texture creation enabled
[2019.08.21-01.38.18:220][  0]LogD3D11RHI: GPU Timing Frequency: 1000.000000 (Debug: 2 1)
[2019.08.21-01.38.18:526][  0]LogTemp: Display: Loaded TP AllDesktopTargetPlatform
[2019.08.21-01.38.18:537][  0]LogTemp: Display: Loaded TP MacClientTargetPlatform
[2019.08.21-01.38.18:547][  0]LogTemp: Display: Loaded TP MacNoEditorTargetPlatform
[2019.08.21-01.38.18:557][  0]LogTemp: Display: Loaded TP MacServerTargetPlatform
[2019.08.21-01.38.18:569][  0]LogTemp: Display: Loaded TP MacTargetPlatform
[2019.08.21-01.38.18:579][  0]LogTemp: Display: Loaded TP WindowsClientTargetPlatform
[2019.08.21-01.38.18:591][  0]LogTemp: Display: Loaded TP WindowsNoEditorTargetPlatform
[2019.08.21-01.38.18:602][  0]LogTemp: Display: Loaded TP WindowsServerTargetPlatform
[2019.08.21-01.38.18:607][  0]LogTemp: Display: Loaded TP WindowsTargetPlatform
[2019.08.21-01.38.18:661][  0]LogTemp: Display: Loaded TP AndroidTargetPlatform
[2019.08.21-01.38.18:661][  0]LogTemp: Display: Loaded TP AndroidTargetPlatform
[2019.08.21-01.38.18:661][  0]LogTemp: Display: Loaded TP AndroidTargetPlatform
[2019.08.21-01.38.18:661][  0]LogTemp: Display: Loaded TP AndroidTargetPlatform
[2019.08.21-01.38.18:661][  0]LogTemp: Display: Loaded TP AndroidTargetPlatform
[2019.08.21-01.38.18:661][  0]LogTemp: Display: Loaded TP AndroidTargetPlatform
[2019.08.21-01.38.18:661][  0]LogTemp: Display: Loaded TP AndroidTargetPlatform
[2019.08.21-01.38.18:661][  0]LogTemp: Display: Loaded TP AndroidTargetPlatform
[2019.08.21-01.38.18:661][  0]LogTemp: Display: Loaded TP AndroidTargetPlatform
[2019.08.21-01.38.18:661][  0]LogTemp: Display: Loaded TP AndroidTargetPlatform
[2019.08.21-01.38.18:661][  0]LogTemp: Display: Loaded TP AndroidTargetPlatform
[2019.08.21-01.38.18:661][  0]LogTemp: Display: Loaded TP AndroidTargetPlatform
[2019.08.21-01.38.18:661][  0]LogTemp: Display: Loaded TP AndroidTargetPlatform
[2019.08.21-01.38.18:661][  0]LogTemp: Display: Loaded TP AndroidTargetPlatform
[2019.08.21-01.38.18:661][  0]LogTemp: Display: Loaded TP AndroidTargetPlatform
[2019.08.21-01.38.18:661][  0]LogTemp: Display: Loaded TP AndroidTargetPlatform
[2019.08.21-01.38.18:661][  0]LogTemp: Display: Loaded TP AndroidTargetPlatform
[2019.08.21-01.38.18:661][  0]LogTemp: Display: Loaded TP AndroidTargetPlatform
[2019.08.21-01.38.18:663][  0]LogTemp: Display: Loaded TP HTML5TargetPlatform
[2019.08.21-01.38.18:717][  0]LogTemp: Display: Loaded TP IOSTargetPlatform
[2019.08.21-01.38.18:717][  0]LogTemp: Display: Loaded TP IOSTargetPlatform
[2019.08.21-01.38.18:751][  0]LogTemp: Display: Loaded TP TVOSTargetPlatform
[2019.08.21-01.38.18:751][  0]LogTemp: Display: Loaded TP TVOSTargetPlatform
[2019.08.21-01.38.18:760][  0]LogTemp: Display: Loaded TP LinuxClientTargetPlatform
[2019.08.21-01.38.18:770][  0]LogTemp: Display: Loaded TP LinuxNoEditorTargetPlatform
[2019.08.21-01.38.18:779][  0]LogTemp: Display: Loaded TP LinuxServerTargetPlatform
[2019.08.21-01.38.18:789][  0]LogTemp: Display: Loaded TP LinuxTargetPlatform
[2019.08.21-01.38.18:822][  0]LogTemp: Display: Loaded TP LuminTargetPlatform
[2019.08.21-01.38.18:822][  0]LogTemp: Display: Loaded TP LuminTargetPlatform
[2019.08.21-01.38.18:822][  0]LogTargetPlatformManager: Display: Building Assets For Windows
[2019.08.21-01.38.18:881][  0]LogShaderCompilers: Guid format shader working directory is 15 characters bigger than the processId version (D:/UE4Toasted/Toasted_2D/Toasted_2019/Intermediate/Shaders/WorkingDirectory/7620/).
[2019.08.21-01.38.18:881][  0]LogShaderCompilers: Cleaned the shader compiler working directory 'C:/Users/Morbidcaine/AppData/Local/Temp/UnrealShaderWorkingDir/9B4F84274531AB9652BAC7ABE2CA3575/'.
[2019.08.21-01.38.18:882][  0]LogXGEController: Cannot use XGE Controller as Incredibuild is not installed on this machine.
[2019.08.21-01.38.18:882][  0]LogShaderCompilers: Cannot use XGE Shader Compiler as Incredibuild is not installed on this machine.
[2019.08.21-01.38.18:883][  0]LogShaderCompilers: Display: Using Local Shader Compiler.
[2019.08.21-01.38.19:293][  0]LogDerivedDataCache: Display: Max Cache Size: 512 MB
[2019.08.21-01.38.19:342][  0]LogDerivedDataCache: Loaded boot cache 0.05s 71MB C:/Users/Morbidcaine/AppData/Local/UnrealEngine/4.21/DerivedDataCache/Boot.ddc.
[2019.08.21-01.38.19:342][  0]LogDerivedDataCache: Display: Loaded Boot cache: C:/Users/Morbidcaine/AppData/Local/UnrealEngine/4.21/DerivedDataCache/Boot.ddc
[2019.08.21-01.38.19:342][  0]LogDerivedDataCache: FDerivedDataBackendGraph:  Pak pak cache file D:/UE4Toasted/Toasted_2D/Toasted_2019/DerivedDataCache/DDC.ddp not found, will not use a pak cache.
[2019.08.21-01.38.19:342][  0]LogDerivedDataCache: Unable to find inner node Pak for hierarchical cache Hierarchy.
[2019.08.21-01.38.19:342][  0]LogDerivedDataCache: FDerivedDataBackendGraph:  CompressedPak pak cache file D:/UE4Toasted/Toasted_2D/Toasted_2019/DerivedDataCache/Compressed.ddp not found, will not use a pak cache.
[2019.08.21-01.38.19:342][  0]LogDerivedDataCache: Unable to find inner node CompressedPak for hierarchical cache Hierarchy.
[2019.08.21-01.38.19:354][  0]LogDerivedDataCache: Display: Pak cache opened for reading ../../../Engine/DerivedDataCache/Compressed.ddp.
[2019.08.21-01.38.19:357][  0]LogDerivedDataCache: Display: Pak cache opened for reading ../../../Enterprise/DerivedDataCache/Compressed.ddp.
[2019.08.21-01.38.19:369][  0]LogDerivedDataCache: Using Local data cache path C:/Users/Morbidcaine/AppData/Local/UnrealEngine/Common/DerivedDataCache: Writable
[2019.08.21-01.38.19:369][  0]LogDerivedDataCache: Shared data cache path not found in *engine.ini, will not use an Shared cache.
[2019.08.21-01.38.19:369][  0]LogDerivedDataCache: Unable to find inner node Shared for hierarchical cache Hierarchy.
[2019.08.21-01.38.19:386][  0]LogMaterial: Verifying Global Shaders for PCD3D_SM5
[2019.08.21-01.38.19:388][  0]LogSlate: Using FreeType 2.6.0
[2019.08.21-01.38.19:388][  0]LogSlate: SlateFontServices - WITH_FREETYPE: 1, WITH_HARFBUZZ: 1
[2019.08.21-01.38.19:456][  0]LogAssetRegistry: FAssetRegistry took 0.0302 seconds to start up
[2019.08.21-01.38.19:726][  0]LogInit: Selected Device Profile: [Windows]
[2019.08.21-01.38.19:857][  0]LogSimplygon: Simplygon DLL not present - disabling.
[2019.08.21-01.38.19:861][  0]LogMeshReduction: Using SimplygonSwarm for distributed automatic mesh merging
[2019.08.21-01.38.19:861][  0]LogMeshReduction: Using ProxyLODMeshReduction for automatic mesh merging
[2019.08.21-01.38.19:861][  0]LogMeshReduction: Using QuadricMeshReduction for automatic static mesh reduction
[2019.08.21-01.38.19:861][  0]LogMeshReduction: No automatic skeletal mesh reduction module available
[2019.08.21-01.38.19:873][  0]LogNetVersion: Toasted_2019 1.0.0, NetCL: 4541578, EngineNetVer: 5, GameNetVer: 0 (Checksum: 1800717988)
[2019.08.21-01.38.20:274][  0]LogPackageLocalizationCache: Processed 14 localized package path(s) for 2 prioritized culture(s) in 0.051397 seconds
[2019.08.21-01.38.20:278][  0]LogUObjectArray: 39775 objects as part of root set at end of initial load.
[2019.08.21-01.38.20:278][  0]LogUObjectAllocator: 6914656 out of 0 bytes used by permanent object pool.
[2019.08.21-01.38.20:278][  0]LogUObjectArray: CloseDisregardForGC: 0/0 objects in disregard for GC pool
[2019.08.21-01.38.20:997][  0]LogTcpMessaging: Initializing TcpMessaging bridge
[2019.08.21-01.38.21:015][  0]LogUdpMessaging: Initializing bridge on interface 0.0.0.0:0 to multicast group 230.0.0.1:6666.
[2019.08.21-01.38.21:590][  0]SourceControl: Source control is disabled
[2019.08.21-01.38.21:590][  0]SourceControl: Source control is disabled
[2019.08.21-01.38.21:592][  0]SourceControl: Source control is disabled
[2019.08.21-01.38.21:594][  0]SourceControl: Source control is disabled
[2019.08.21-01.38.21:785][  0]LogAndroidPermission: UAndroidPermissionCallbackProxy::GetInstance
[2019.08.21-01.38.21:915][  0]LogOcInput: OculusInput pre-init called
[2019.08.21-01.38.23:107][  0]LogEngine: Initializing Engine...
[2019.08.21-01.38.23:108][  0]LogHMD: Failed to initialize OpenVR with code 110
[2019.08.21-01.38.23:108][  0]LogStats: UGameplayTagsManager::ConstructGameplayTagTree: ImportINI prefixes -  0.000 s
[2019.08.21-01.38.23:108][  0]LogStats: UGameplayTagsManager::ConstructGameplayTagTree: Construct from data asset -  0.000 s
[2019.08.21-01.38.23:108][  0]LogStats: UGameplayTagsManager::ConstructGameplayTagTree: ImportINI -  0.000 s
[2019.08.21-01.38.23:109][  0]LogStats: UGameplayTagsManager::ConstructGameplayTagTree: GameplayTagTreeChangedEvent.Broadcast -  0.000 s
[2019.08.21-01.38.23:315][  0]LogInit: Initializing FReadOnlyCVARCache
[2019.08.21-01.38.23:335][  0]LogAIModule: Creating AISystem for world Untitled
[2019.08.21-01.38.23:402][  0]LogInit: XAudio2 using 'Speakers (Realtek High Definition Audio)' : 4 channels at 48 kHz using 32 bits per sample (channel mask 0x33)
[2019.08.21-01.38.23:467][  0]LogInit: FAudioDevice initialized.
[2019.08.21-01.38.23:467][  0]LogNetVersion: Set ProjectVersion to 1.0.0.0. Version Checksum will be recalculated on next use.
[2019.08.21-01.38.23:555][  0]LogDerivedDataCache: Saved boot cache 0.09s 71MB C:/Users/Morbidcaine/AppData/Local/UnrealEngine/4.21/DerivedDataCache/Boot.ddc.
[2019.08.21-01.38.23:564][  0]LogInit: Texture streaming: Enabled
[2019.08.21-01.38.23:590][  0]LogEngineSessionManager: EngineSessionManager initialized
[2019.08.21-01.38.23:606][  0]LogInit: Transaction tracking system initialized
[2019.08.21-01.38.23:633][  0]BlueprintLog: New page: Editor Load
[2019.08.21-01.38.23:808][  0]LocalizationService: Localization service is disabled
[2019.08.21-01.38.24:210][  0]LogFileCache: Scanning file cache for directory 'D:/UE4Toasted/Toasted_2D/Toasted_2019/Content/' took 0.01s
[2019.08.21-01.38.24:210][  0]LogCook: Display: Max memory allowance for cook 16384mb min free memory 0mb
[2019.08.21-01.38.24:210][  0]LogCook: Display: Mobile HDR setting 1
[2019.08.21-01.38.24:210][  0]LogGameplayTags: Display: UGameplayTagsManager::DoneAddingNativeTags. DelegateIsBound: 0
[2019.08.21-01.38.24:210][  0]LogStats: UGameplayTagsManager::ConstructGameplayTagTree: ImportINI prefixes -  0.000 s
[2019.08.21-01.38.24:210][  0]LogStats: UGameplayTagsManager::ConstructGameplayTagTree: Construct from data asset -  0.000 s
[2019.08.21-01.38.24:210][  0]LogStats: UGameplayTagsManager::ConstructGameplayTagTree: ImportINI -  0.000 s
[2019.08.21-01.38.24:210][  0]LogStats: UGameplayTagsManager::ConstructGameplayTagTree: GameplayTagTreeChangedEvent.Broadcast -  0.000 s
[2019.08.21-01.38.25:207][  0]SourceControl: Source control is disabled
[2019.08.21-01.38.25:207][  0]Cmd: MAP LOAD FILE="D:/UE4Toasted/Toasted_2D/Toasted_2019/Content/SideScrollerBP/Maps/SideScrollerExampleMap.umap" TEMPLATE=0 SHOWPROGRESS=1 FEATURELEVEL=3
[2019.08.21-01.38.25:207][  0]LightingResults: New page: Lighting Build
[2019.08.21-01.38.25:209][  0]MapCheck: New page: Map Check
[2019.08.21-01.38.25:209][  0]LightingResults: New page: Lighting Build
[2019.08.21-01.38.25:386][  0]LogTexture: Display: Building textures: T_UE4_Mannequin_Mobile_M (AutoDXT, 1024X1024)
[2019.08.21-01.38.25:386][  0]LogTexture: Display: Building textures: T_ML_Aluminum01_N (BC5, 512X512)
[2019.08.21-01.38.25:387][  0]LogTexture: Display: Building textures: T_ML_Aluminum01 (AutoDXT, 512X512)
[2019.08.21-01.38.25:387][  0]LogMaterial: Display: Missing cached shader map for material CubeMaterial, compiling. 
[2019.08.21-01.38.25:521][  0]LogTexture: Display: Building textures: T_ML_Rubber_Blue_01_D (AutoDXT, 512X512)
[2019.08.21-01.38.25:521][  0]LogTexture: Display: Building textures: T_UE4_Mannequin_Mobile_N (BC5, 1024X1024)
[2019.08.21-01.38.25:521][  0]LogTexture: Display: Building textures: T_ML_Rubber_Blue_01_N (BC5, 512X512)
[2019.08.21-01.38.25:521][  0]LogShaderCompilers: Display: Shaders left to compile 31
[2019.08.21-01.38.25:521][  0]LogShaderCompilers: Display: Shaders left to compile 21
[2019.08.21-01.38.25:521][  0]LogShaderCompilers: Display: Shaders left to compile 11
[2019.08.21-01.38.25:521][  0]LogShaderCompilers: Display: Shaders left to compile 1
[2019.08.21-01.38.25:521][  0]LogMaterial: Display: Missing cached shader map for material M_UE4Man_Body, compiling. 
[2019.08.21-01.38.25:591][  0]LogShaderCompilers: Display: Shaders left to compile 128
[2019.08.21-01.38.25:592][  0]LogShaderCompilers: Display: Shaders left to compile 118
[2019.08.21-01.38.25:592][  0]LogShaderCompilers: Display: Shaders left to compile 108
[2019.08.21-01.38.25:592][  0]LogShaderCompilers: Display: Shaders left to compile 98
[2019.08.21-01.38.25:592][  0]LogShaderCompilers: Display: Shaders left to compile 88
[2019.08.21-01.38.25:592][  0]LogMaterial: Display: Missing cached shader map for material M_UE4Man_Body, compiling. 
[2019.08.21-01.38.25:652][  0]LogSkeletalMesh: Building Skeletal Mesh SK_Mannequin...
[2019.08.21-01.38.25:676][  0]LogSkeletalMesh: Built Skeletal Mesh [0.02s] /Game/Mannequin/Character/Mesh/SK_Mannequin.SK_Mannequin
[2019.08.21-01.38.25:692][  0]LogAnimationCompression: Building Anim DDC data for AnimSequence /Game/Mannequin/Animations/ThirdPersonJump_Start.ThirdPersonJump_Start
[2019.08.21-01.38.25:692][  0]LogAnimationCompression: Recompressing (AnimSequence /Game/Mannequin/Animations/ThirdPersonJump_Start.ThirdPersonJump_Start) using current/default (AnimCompress_RemoveLinearKeys_6) bFirstRecompressUsingCurrentOrDefault(1) bTryAlternateCompressor(0) IsCompressedDataValid(0)
[2019.08.21-01.38.25:708][  0]LogAnimationCompression: Building Anim DDC data for AnimSequence /Game/Mannequin/Animations/ThirdPersonJump_End.ThirdPersonJump_End
[2019.08.21-01.38.25:709][  0]LogAnimationCompression: Recompressing (AnimSequence /Game/Mannequin/Animations/ThirdPersonJump_End.ThirdPersonJump_End) using current/default (AnimCompress_BitwiseCompressOnly_1) bFirstRecompressUsingCurrentOrDefault(1) bTryAlternateCompressor(0) IsCompressedDataValid(0)
[2019.08.21-01.38.25:709][  0]LogAnimationCompression: Building Anim DDC data for AnimSequence /Game/Mannequin/Animations/ThirdPersonJump_Loop.ThirdPersonJump_Loop
[2019.08.21-01.38.25:709][  0]LogAnimationCompression: Recompressing (AnimSequence /Game/Mannequin/Animations/ThirdPersonJump_Loop.ThirdPersonJump_Loop) using current/default (AnimCompress_RemoveLinearKeys_4) bFirstRecompressUsingCurrentOrDefault(1) bTryAlternateCompressor(0) IsCompressedDataValid(0)
[2019.08.21-01.38.25:761][  0]LogAnimationCompression: Building Anim DDC data for AnimSequence /Game/Mannequin/Animations/ThirdPersonWalk.ThirdPersonWalk
[2019.08.21-01.38.25:761][  0]LogAnimationCompression: Recompressing (AnimSequence /Game/Mannequin/Animations/ThirdPersonWalk.ThirdPersonWalk) using current/default (AnimCompress_RemoveLinearKeys_0) bFirstRecompressUsingCurrentOrDefault(1) bTryAlternateCompressor(0) IsCompressedDataValid(0)
[2019.08.21-01.38.25:788][  0]LogAnimationCompression: Building Anim DDC data for AnimSequence /Game/Mannequin/Animations/ThirdPersonRun.ThirdPersonRun
[2019.08.21-01.38.25:788][  0]LogAnimationCompression: Recompressing (AnimSequence /Game/Mannequin/Animations/ThirdPersonRun.ThirdPersonRun) using current/default (AnimCompress_RemoveLinearKeys_7) bFirstRecompressUsingCurrentOrDefault(1) bTryAlternateCompressor(0) IsCompressedDataValid(0)
[2019.08.21-01.38.25:807][  0]LogAnimationCompression: Building Anim DDC data for AnimSequence /Game/Mannequin/Animations/ThirdPersonIdle.ThirdPersonIdle
[2019.08.21-01.38.25:807][  0]LogAnimationCompression: Recompressing (AnimSequence /Game/Mannequin/Animations/ThirdPersonIdle.ThirdPersonIdle) using current/default (AnimCompress_RemoveLinearKeys_3) bFirstRecompressUsingCurrentOrDefault(1) bTryAlternateCompressor(0) IsCompressedDataValid(0)
[2019.08.21-01.38.25:914][  0]LogShaderCompilers: Display: Shaders left to compile 206
[2019.08.21-01.38.25:917][  0]LogAIModule: Creating AISystem for world SideScrollerExampleMap
[2019.08.21-01.38.25:941][  0]LogEditorServer: Finished looking for orphan Actors (0.000 secs)
[2019.08.21-01.38.25:970][  0]Cmd: MAP CHECKDEP NOCLEARLOG
[2019.08.21-01.38.25:970][  0]MapCheck: Map check complete: 0 Error(s), 0 Warning(s), took 0.185ms to complete.
[2019.08.21-01.38.25:971][  0]LogFileHelpers: Loading map 'SideScrollerExampleMap' took 0.764
[2019.08.21-01.38.26:104][  0]LogSlate: Updating window title bar state: overlay mode, drag disabled, window buttons hidden, title bar hidden
[2019.08.21-01.38.26:119][  0]LogSlate: Updating window title bar state: overlay mode, drag disabled, window buttons hidden, title bar hidden
[2019.08.21-01.38.26:141][  0]LogSlate: Updating window title bar state: overlay mode, drag disabled, window buttons hidden, title bar hidden
[2019.08.21-01.38.26:156][  0]LogSlate: Updating window title bar state: overlay mode, drag disabled, window buttons hidden, title bar hidden
[2019.08.21-01.38.26:171][  0]LogCollectionManager: Loaded 0 collections in 0.003208 seconds
[2019.08.21-01.38.26:223][  0]LogFileCache: Scanning file cache for directory 'D:/UE4Toasted/Toasted_2D/Toasted_2019/Saved/Collections/' took 0.01s
[2019.08.21-01.38.26:223][  0]LogFileCache: Scanning file cache for directory 'D:/UE4Toasted/Toasted_2D/Toasted_2019/Content/Developers/Morbidcaine/Collections/' took 0.01s
[2019.08.21-01.38.26:224][  0]LogFileCache: Scanning file cache for directory 'D:/UE4Toasted/Toasted_2D/Toasted_2019/Content/Collections/' took 0.01s
[2019.08.21-01.38.26:224][  0]LogCollectionManager: Rebuilt the GUID cache for 0 collections in 0.000031 seconds
[2019.08.21-01.38.26:243][  0]LogContentBrowser: Native class hierarchy populated in 0.0182 seconds. Added 2709 classes and 653 folders.
[2019.08.21-01.38.26:255][  0]LogContentBrowser: Native class hierarchy updated for 'WidgetCarousel' in 0.0006 seconds. Added 0 classes and 0 folders.
[2019.08.21-01.38.26:259][  0]LogPakFile: Registered encryption key '00000000000000000000000000000000': 0 pak files mounted, 0 remain pending
[2019.08.21-01.38.26:259][  0]LogPakFile: Registered encryption key '00000000000000000000000000000000': 0 pak files mounted, 0 remain pending
[2019.08.21-01.38.26:260][  0]LogPakFile: Registered encryption key '00000000000000000000000000000000': 0 pak files mounted, 0 remain pending
[2019.08.21-01.38.26:261][  0]LogPakFile: Registered encryption key '00000000000000000000000000000000': 0 pak files mounted, 0 remain pending
[2019.08.21-01.38.26:262][  0]LogPakFile: Registered encryption key '00000000000000000000000000000000': 0 pak files mounted, 0 remain pending
[2019.08.21-01.38.26:263][  0]LogPakFile: Registered encryption key '00000000000000000000000000000000': 0 pak files mounted, 0 remain pending
[2019.08.21-01.38.26:264][  0]LogPakFile: Registered encryption key '00000000000000000000000000000000': 0 pak files mounted, 0 remain pending
[2019.08.21-01.38.26:264][  0]LogPakFile: Registered encryption key '00000000000000000000000000000000': 0 pak files mounted, 0 remain pending
[2019.08.21-01.38.26:265][  0]LogPakFile: Registered encryption key '00000000000000000000000000000000': 0 pak files mounted, 0 remain pending
[2019.08.21-01.38.26:266][  0]LogPakFile: Registered encryption key '00000000000000000000000000000000': 0 pak files mounted, 0 remain pending
[2019.08.21-01.38.26:266][  0]LogPakFile: Registered encryption key '00000000000000000000000000000000': 0 pak files mounted, 0 remain pending
[2019.08.21-01.38.26:267][  0]LogPakFile: Registered encryption key '00000000000000000000000000000000': 0 pak files mounted, 0 remain pending
[2019.08.21-01.38.26:268][  0]LogPakFile: Registered encryption key '00000000000000000000000000000000': 0 pak files mounted, 0 remain pending
[2019.08.21-01.38.26:268][  0]LogPakFile: Registered encryption key '00000000000000000000000000000000': 0 pak files mounted, 0 remain pending
[2019.08.21-01.38.26:269][  0]LogPakFile: Registered encryption key '00000000000000000000000000000000': 0 pak files mounted, 0 remain pending
[2019.08.21-01.38.26:270][  0]LogPakFile: Registered encryption key '00000000000000000000000000000000': 0 pak files mounted, 0 remain pending
[2019.08.21-01.38.26:270][  0]LogPakFile: Registered encryption key '00000000000000000000000000000000': 0 pak files mounted, 0 remain pending
[2019.08.21-01.38.26:271][  0]LogPakFile: Registered encryption key '00000000000000000000000000000000': 0 pak files mounted, 0 remain pending
[2019.08.21-01.38.26:271][  0]LogPakFile: Registered encryption key '00000000000000000000000000000000': 0 pak files mounted, 0 remain pending
[2019.08.21-01.38.26:272][  0]LogPakFile: Registered encryption key '00000000000000000000000000000000': 0 pak files mounted, 0 remain pending
[2019.08.21-01.38.26:272][  0]LogPakFile: Registered encryption key '00000000000000000000000000000000': 0 pak files mounted, 0 remain pending
[2019.08.21-01.38.26:273][  0]LogPakFile: Registered encryption key '00000000000000000000000000000000': 0 pak files mounted, 0 remain pending
[2019.08.21-01.38.26:274][  0]LogPakFile: Registered encryption key '00000000000000000000000000000000': 0 pak files mounted, 0 remain pending
[2019.08.21-01.38.26:275][  0]LogPakFile: Registered encryption key '00000000000000000000000000000000': 0 pak files mounted, 0 remain pending
[2019.08.21-01.38.26:276][  0]LogPakFile: Registered encryption key '00000000000000000000000000000000': 0 pak files mounted, 0 remain pending
[2019.08.21-01.38.26:276][  0]LogPakFile: Registered encryption key '00000000000000000000000000000000': 0 pak files mounted, 0 remain pending
[2019.08.21-01.38.26:277][  0]LogPakFile: Registered encryption key '00000000000000000000000000000000': 0 pak files mounted, 0 remain pending
[2019.08.21-01.38.26:278][  0]LogPakFile: Registered encryption key '00000000000000000000000000000000': 0 pak files mounted, 0 remain pending
[2019.08.21-01.38.26:324][  0]LogContentBrowser: Native class hierarchy updated for 'AddContentDialog' in 0.0005 seconds. Added 0 classes and 0 folders.
[2019.08.21-01.38.26:339][  0]LogContentBrowser: Native class hierarchy updated for 'SceneOutliner' in 0.0007 seconds. Added 1 classes and 2 folders.
[2019.08.21-01.38.26:481][  0]LogSlate: Took 0.000433 seconds to synchronously load lazily loaded font '../../../Engine/Content/Slate/Fonts/Roboto-Regular.ttf' (155K)
[2019.08.21-01.38.26:484][  0]LogSlate: Took 0.000237 seconds to synchronously load lazily loaded font '../../../Engine/Content/Slate/Fonts/Roboto-Bold.ttf' (160K)
[2019.08.21-01.38.26:494][  0]LogSlate: Took 0.000450 seconds to synchronously load lazily loaded font '../../../Engine/Content/Editor/Slate/Fonts/FontAwesome.ttf' (139K)
[2019.08.21-01.38.26:641][  0]LogRenderer: Reallocating scene render targets to support 1280x696 Format 10 NumSamples 1 (Frame:1).
[2019.08.21-01.38.26:929][  0]LogContentBrowser: Native class hierarchy updated for 'HierarchicalLODOutliner' in 0.0007 seconds. Added 0 classes and 0 folders.
[2019.08.21-01.38.26:929][  0]LogLoad: (Engine Initialization) Total time: 11.06 seconds
[2019.08.21-01.38.26:929][  0]LogLoad: (Engine Initialization) Total Blueprint compile time: 0.00 seconds
[2019.08.21-01.38.27:008][  0]LogContentStreaming: Texture pool size now 1000 MB
[2019.08.21-01.38.27:052][  0]LogSlate: Took 0.000376 seconds to synchronously load lazily loaded font '../../../Engine/Content/Slate/Fonts/Roboto-Light.ttf' (167K)
[2019.08.21-01.38.27:158][  2]LogAssetRegistry: Asset discovery search completed in 7.7240 seconds
[2019.08.21-01.38.27:164][  2]LogCollectionManager: Rebuilt the object cache for 0 collections in 0.000002 seconds (found 0 objects)
[2019.08.21-01.38.27:164][  2]LogCollectionManager: Fixed up redirectors for 0 collections in 0.000196 seconds (updated 0 objects)
[2019.08.21-01.38.28:945][116]LogShaderCompilers: Display: Shaders left to compile 196
[2019.08.21-01.38.28:960][117]LogShaderCompilers: Display: Shaders left to compile 186
[2019.08.21-01.38.29:140][130]LogShaderCompilers: Display: Shaders left to compile 176
[2019.08.21-01.38.29:483][155]LogShaderCompilers: Display: Shaders left to compile 166
[2019.08.21-01.38.29:540][159]LogShaderCompilers: Display: Shaders left to compile 156
[2019.08.21-01.38.32:142][343]LogShaderCompilers: Display: Shaders left to compile 146
[2019.08.21-01.38.32:391][360]LogShaderCompilers: Display: Shaders left to compile 136
[2019.08.21-01.38.32:419][362]LogShaderCompilers: Display: Shaders left to compile 126
[2019.08.21-01.38.32:605][374]LogShaderCompilers: Display: Shaders left to compile 116
[2019.08.21-01.38.32:773][386]LogShaderCompilers: Display: Shaders left to compile 106
[2019.08.21-01.38.32:969][398]LogShaderCompilers: Display: Shaders left to compile 96
[2019.08.21-01.38.34:444][501]LogShaderCompilers: Display: Shaders left to compile 86
[2019.08.21-01.38.34:717][520]LogShaderCompilers: Display: Shaders left to compile 76
[2019.08.21-01.38.35:058][544]LogShaderCompilers: Display: Shaders left to compile 66
[2019.08.21-01.38.35:617][583]LogShaderCompilers: Display: Shaders left to compile 56
[2019.08.21-01.38.35:957][607]LogShaderCompilers: Display: Shaders left to compile 46
[2019.08.21-01.38.37:069][681]LogShaderCompilers: Display: Shaders left to compile 36
[2019.08.21-01.38.37:646][718]LogShaderCompilers: Display: Shaders left to compile 26
[2019.08.21-01.38.37:781][725]LogShaderCompilers: Display: Shaders left to compile 16
[2019.08.21-01.38.38:260][757]LogShaderCompilers: Display: Shaders left to compile 6
[2019.08.21-01.38.39:512][855]LogSlate: FSceneViewport::OnFocusLost() reason 2
[2019.08.21-01.38.43:731][349]LogSlate: FSceneViewport::OnFocusLost() reason 2
[2019.08.21-01.38.47:307][775]LogSlate: FSceneViewport::OnFocusLost() reason 2
[2019.08.21-01.38.48:418][907]LogSlate: FSceneViewport::OnFocusLost() reason 2
[2019.08.21-01.39.08:029][153]LogSlate: Window 'Color Picker' being destroyed
[2019.08.21-01.39.12:154][644]LogSlate: Window 'Editor Preferences' being destroyed
[2019.08.21-01.39.12:158][644]LogSlate: Window 'Editor Preferences' being destroyed
[2019.08.21-01.39.13:352][771]LogEditorViewport: Clicking on Actor (LMB): StaticMeshActor (Ledge5)
[2019.08.21-01.39.14:740][931]LogEditorViewport: Clicking on Actor (LMB): StaticMeshActor (Floor)
[2019.08.21-01.39.15:277][990]LogEditorViewport: Clicking on Actor (LMB): StaticMeshActor (Wall3)
[2019.08.21-01.39.16:109][ 84]LogEditorViewport: Clicking on Actor (LMB): StaticMeshActor (Ledge5)
[2019.08.21-01.39.22:806][877]LogEditorViewport: Clicking on Actor (LMB): TextRenderActor (TemplateLabel)
[2019.08.21-01.39.24:048][ 21]Cmd: DELETE
[2019.08.21-01.39.24:048][ 21]Cmd: ACTOR DELETE
[2019.08.21-01.39.24:051][ 21]LogEditorActor: Deleted Actor: TextRenderActor
[2019.08.21-01.39.24:072][ 21]LogEditorActor: Deleted 1 Actors (0.024 secs)
[2019.08.21-01.39.26:488][308]LogSlate: FSceneViewport::OnFocusLost() reason 0
[2019.08.21-01.39.28:708][317]LogSlate: Window 'Save Content' being destroyed
[2019.08.21-01.39.28:716][317]LogSlate: Took 0.000103 seconds to synchronously load lazily loaded font '../../../Engine/Content/Slate/Fonts/Roboto-Light.ttf' (167K)
[2019.08.21-01.39.28:718][317]LogSlate: FSceneViewport::OnFocusLost() reason 2
[2019.08.21-01.39.28:847][317]LogSavePackage: Moving 'D:/UE4Toasted/Toasted_2D/Toasted_2019/Saved/SideScrollerExampleMapBD64848E46827E5BAF905CA0A047A49C.tmp' to 'D:/UE4Toasted/Toasted_2D/Toasted_2019/Content/SideScrollerBP/Maps/SideScrollerExampleMap.umap'
[2019.08.21-01.39.28:853][317]LogFileHelpers: Saving map 'SideScrollerExampleMap' took 0.126
[2019.08.21-01.39.29:971][450]LogSlate: FSceneViewport::OnFocusLost() reason 0
[2019.08.21-01.39.30:257][456]LogSavePackage: Moving 'D:/UE4Toasted/Toasted_2D/Toasted_2019/Saved/SideScrollerExampleMap370A9E164B27543A3E44DC9B44F43E41.tmp' to 'D:/UE4Toasted/Toasted_2D/Toasted_2019/Content/SideScrollerBP/Maps/SideScrollerExampleMap.umap'
[2019.08.21-01.39.30:454][456]LogSavePackage: Moving 'D:/UE4Toasted/Toasted_2D/Toasted_2019/Saved/SideScrollerExampleMap_BuiltData224B4F70406FBA3123C9CEB7A9D11710.tmp' to 'D:/UE4Toasted/Toasted_2D/Toasted_2019/Content/SideScrollerBP/Maps/SideScrollerExampleMap_BuiltData.uasset'
[2019.08.21-01.39.31:349][561]LogSlate: FSceneViewport::OnFocusLost() reason 2
[2019.08.21-01.39.32:368][683]LogSlate: FSceneViewport::OnFocusLost() reason 2
[2019.08.21-01.39.42:706][866]LogSlate: Window 'Source Control Login' being destroyed
[2019.08.21-01.39.46:206][279]LogSlate: FSceneViewport::OnFocusLost() reason 2
[2019.08.21-01.39.48:111][499]SourceControl: fatal: C:/Program Files/Epic Games/UE_4.21/Engine/Content: 'C:/Program Files/Epic Games/UE_4.21/Engine/Content' is outside repository
[2019.08.21-01.39.48:195][499]LogPackageName: Error: Illegal call to DoesPackageExist: 'D:/UE4Toasted/Toasted_2D/Toasted_2019/Toasted_2019.uproject' is not a standard unreal filename or a long path name. Reason: Path should be no less than 4 characters long.
[2019.08.21-01.39.48:195][499]LogOutputDevice: Warning: 

Script Stack (0 frames):

[2019.08.21-01.39.48:920][499]LogStats: FPlatformStackWalk::StackWalkAndDump -  0.724 s
[2019.08.21-01.39.48:920][499]LogOutputDevice: Error: === Handled ensure: ===
[2019.08.21-01.39.48:920][499]LogOutputDevice: Error: 
[2019.08.21-01.39.48:920][499]LogOutputDevice: Error: Ensure condition failed: false [File:D:\Build\++UE4\Sync\Engine\Source\Runtime\CoreUObject\Private\Misc\PackageName.cpp] [Line: 846]
[2019.08.21-01.39.48:920][499]LogOutputDevice: Error: Illegal call to DoesPackageExist: 'D:/UE4Toasted/Toasted_2D/Toasted_2019/Toasted_2019.uproject' is not a standard unreal filename or a long path name. Reason: Path should be no less than 4 characters long.
[2019.08.21-01.39.48:920][499]LogOutputDevice: Error: Stack: 
[2019.08.21-01.39.48:920][499]LogOutputDevice: Error: [Callstack] 0x00007ffc95f7d617 UE4Editor-CoreUObject.dll!UnknownFunction []
[2019.08.21-01.39.48:920][499]LogOutputDevice: Error: [Callstack] 0x00007ffc9e4f8775 UE4Editor-SourceControl.dll!UnknownFunction []
[2019.08.21-01.39.48:920][499]LogOutputDevice: Error: [Callstack] 0x00007ffc9e4f8909 UE4Editor-SourceControl.dll!UnknownFunction []
[2019.08.21-01.39.48:920][499]LogOutputDevice: Error: [Callstack] 0x00007ffc77bf633d UE4Editor-SourceControlWindows.dll!UnknownFunction []
[2019.08.21-01.39.48:920][499]LogOutputDevice: Error: [Callstack] 0x00007ffc77ba86fe UE4Editor-SourceControlWindows.dll!UnknownFunction []
[2019.08.21-01.39.48:920][499]LogOutputDevice: Error: [Callstack] 0x00007ffc77ba7c8f UE4Editor-SourceControlWindows.dll!UnknownFunction []
[2019.08.21-01.39.48:920][499]LogOutputDevice: Error: [Callstack] 0x00007ffc77bc2601 UE4Editor-SourceControlWindows.dll!UnknownFunction []
[2019.08.21-01.39.48:920][499]LogOutputDevice: Error: [Callstack] 0x00007ffc5f26f4ec UE4Editor-GitSourceControl.dll!UnknownFunction []
[2019.08.21-01.39.48:920][499]LogOutputDevice: Error: [Callstack] 0x00007ffc5f274e61 UE4Editor-GitSourceControl.dll!UnknownFunction []
[2019.08.21-01.39.48:920][499]LogOutputDevice: Error: [Callstack] 0x00007ffc9e4feb57 UE4Editor-SourceControl.dll!UnknownFunction []
[2019.08.21-01.39.48:920][499]LogOutputDevice: Error: [Callstack] 0x00007ffc6d8d283e UE4Editor-UnrealEd.dll!UnknownFunction []
[2019.08.21-01.39.48:920][499]LogOutputDevice: Error: [Callstack] 0x00007ffc6e1f2346 UE4Editor-UnrealEd.dll!UnknownFunction []
[2019.08.21-01.39.48:920][499]LogOutputDevice: Error: [Callstack] 0x00007ff7bcd66225 UE4Editor.exe!UnknownFunction []
[2019.08.21-01.39.48:920][499]LogOutputDevice: Error: [Callstack] 0x00007ff7bcd7596c UE4Editor.exe!UnknownFunction []
[2019.08.21-01.39.48:920][499]LogOutputDevice: Error: [Callstack] 0x00007ff7bcd759ea UE4Editor.exe!UnknownFunction []
[2019.08.21-01.39.48:920][499]LogOutputDevice: Error: [Callstack] 0x00007ff7bcd848da UE4Editor.exe!UnknownFunction []
[2019.08.21-01.39.48:920][499]LogOutputDevice: Error: [Callstack] 0x00007ff7bcd8659a UE4Editor.exe!UnknownFunction []
[2019.08.21-01.39.48:920][499]LogOutputDevice: Error: [Callstack] 0x00007ffcdc957974 KERNEL32.DLL!UnknownFunction []
[2019.08.21-01.39.48:920][499]LogOutputDevice: Error: [Callstack] 0x00007ffcded8a271 ntdll.dll!UnknownFunction []
[2019.08.21-01.39.48:920][499]LogOutputDevice: Error: 
[2019.08.21-01.39.48:925][499]LogStats:                SubmitErrorReport -  0.000 s
[2019.08.21-01.39.49:494][499]LogStats:                    SendNewReport -  0.570 s
[2019.08.21-01.39.49:494][499]LogStats:             FDebug::EnsureFailed -  1.299 s
[2019.08.21-01.39.49:499][499]LogSlate: FSceneViewport::OnFocusLost() reason 2
[2019.08.21-01.40.01:528][499]LogSlate: Window 'Submit Files' being destroyed
[2019.08.21-01.40.01:535][499]LogSlate: FSceneViewport::OnFocusLost() reason 2
[2019.08.21-01.40.01:767][499]LogSlate: FSceneViewport::OnFocusLost() reason 2
[2019.08.21-01.40.01:979][499]LogSourceControl: commit successful: [master b7915e0] test
[2019.08.21-01.40.02:089][499]SourceControl: [master b7915e0] test
[2019.08.21-01.40.02:089][499]SourceControl:  2 files changed, 7 insertions(+)
[2019.08.21-01.40.02:089][499]SourceControl:  create mode 100644 Toasted_2019/Content/SideScrollerBP/SideScrollerOverview.uasset
[2019.08.21-01.40.02:089][499]SourceControl:  create mode 100644 Toasted_2019/Toasted_2019.uproject
[2019.08.21-01.40.02:094][499]SourceControl: Commited [master b7915e0] test.
[2019.08.21-01.40.06:090][972]LogSlate: FSceneViewport::OnFocusLost() reason 0
[2019.08.21-01.40.27:559][ 45]LogDirectoryWatcher: A directory notification failed for 'D:/UE4Toasted/Toasted_2D/Toasted_2019/Content/Collections/' because it could not be accessed. Aborting watch request...
[2019.08.21-01.40.27:559][ 45]LogDirectoryWatcher: A directory notification failed for 'D:/UE4Toasted/Toasted_2D/Toasted_2019/Content/Developers/Morbidcaine/Collections/' because it could not be accessed. Aborting watch request...
[2019.08.21-01.40.29:902][ 52]LogDirectoryWatcher: A directory notification failed for 'D:/UE4Toasted/Toasted_2D/Toasted_2019/Saved/Collections/' because it could not be accessed. Aborting watch request...
